<?xml version="1.0" encoding="UTF-8"?>
<!-- Generated by org.testng.reporters.JUnitXMLReporter -->
<testsuite hostname="Sharanu-PC" name="Default test" tests="3" failures="0" timestamp="20 Aug 2019 11:02:15 GMT" time="46.725" errors="0">
  <testcase name="crmlogoImageTest" time="0.3" classname="com.qa.ClassicCRM.TestCases.LoginPageTest"/>
  <testcase name="loginPageTitleTest" time="0.034" classname="com.qa.ClassicCRM.TestCases.LoginPageTest"/>
  <testcase name="LoginTest" time="7.146" classname="com.qa.ClassicCRM.TestCases.LoginPageTest"/>
</testsuite> <!-- Default test -->
