<?xml version="1.0" encoding="UTF-8"?>
<!-- Generated by org.testng.reporters.JUnitXMLReporter -->
<testsuite hostname="Naveenmsk-PC" ignored="0" name="Free CRM App test cases" tests="12" failures="0" timestamp="11 Aug 2019 09:29:07 GMT" time="167.524" errors="0">
  <testcase name="crmlogoImageTest" time="0.106" classname="com.qa.ClassicCRM.TestCases.LoginPageTest"/>
  <testcase name="verifyUsernameTest" time="0.093" classname="com.qa.ClassicCRM.TestCases.HomePageTest"/>
  <testcase name="selectMultipleContactsTest" time="0.129" classname="com.qa.ClassicCRM.TestCases.ContactsPageTest"/>
  <testcase name="loginPageTitleTest" time="0.022" classname="com.qa.ClassicCRM.TestCases.LoginPageTest"/>
  <testcase name="verifyHomePageTitleTest" time="0.008" classname="com.qa.ClassicCRM.TestCases.HomePageTest"/>
  <testcase name="selectsingleContactsTest" time="0.31" classname="com.qa.ClassicCRM.TestCases.ContactsPageTest"/>
  <testcase name="LoginTest" time="3.577" classname="com.qa.ClassicCRM.TestCases.LoginPageTest"/>
  <testcase name="verifyContactsLinkTest" time="1.652" classname="com.qa.ClassicCRM.TestCases.HomePageTest"/>
  <testcase name="verifyContactspageLable" time="0.094" classname="com.qa.ClassicCRM.TestCases.ContactsPageTest"/>
  <testcase name="ValidateCreateNewContactTest" time="5.671" classname="com.qa.ClassicCRM.TestCases.ContactsPageTest"/>
  <testcase name="ValidateCreateNewContactTest" time="5.078" classname="com.qa.ClassicCRM.TestCases.ContactsPageTest"/>
  <testcase name="ValidateCreateNewContactTest" time="4.581" classname="com.qa.ClassicCRM.TestCases.ContactsPageTest"/>
</testsuite> <!-- Free CRM App test cases -->
